-Xajruntimetarget:1.5
-encoding
UTF-8
-parameters
-showWeaveInfo
-source
17
-target
17
-verbose
-classpath
/opt/jenkins/data/workspace/spring-data-release_release/maven-repository/org/springframework/data/spring-data-commons/3.2.4/spring-data-commons-3.2.4.jar:/opt/jenkins/data/workspace/spring-data-release_release/maven-repository/org/springframework/spring-orm/6.1.5/spring-orm-6.1.5.jar:/opt/jenkins/data/workspace/spring-data-release_release/maven-repository/org/springframework/spring-jdbc/6.1.5/spring-jdbc-6.1.5.jar:/opt/jenkins/data/workspace/spring-data-release_release/maven-repository/org/springframework/spring-context/6.1.5/spring-context-6.1.5.jar:/opt/jenkins/data/workspace/spring-data-release_release/maven-repository/org/springframework/spring-expression/6.1.5/spring-expression-6.1.5.jar:/opt/jenkins/data/workspace/spring-data-release_release/maven-repository/io/micrometer/micrometer-observation/1.12.4/micrometer-observation-1.12.4.jar:/opt/jenkins/data/workspace/spring-data-release_release/maven-repository/io/micrometer/micrometer-commons/1.12.4/micrometer-commons-1.12.4.jar:/opt/jenkins/data/workspace/spring-data-release_release/maven-repository/org/springframework/spring-aop/6.1.5/spring-aop-6.1.5.jar:/opt/jenkins/data/workspace/spring-data-release_release/maven-repository/org/springframework/spring-tx/6.1.5/spring-tx-6.1.5.jar:/opt/jenkins/data/workspace/spring-data-release_release/maven-repository/org/springframework/spring-beans/6.1.5/spring-beans-6.1.5.jar:/opt/jenkins/data/workspace/spring-data-release_release/maven-repository/org/springframework/spring-instrument/6.1.5/spring-instrument-6.1.5.jar:/opt/jenkins/data/workspace/spring-data-release_release/maven-repository/org/springframework/spring-core/6.1.5/spring-core-6.1.5.jar:/opt/jenkins/data/workspace/spring-data-release_release/maven-repository/org/springframework/spring-jcl/6.1.5/spring-jcl-6.1.5.jar:/opt/jenkins/data/workspace/spring-data-release_release/maven-repository/org/antlr/antlr4-runtime/4.13.0/antlr4-runtime-4.13.0.jar:/opt/jenkins/data/workspace/spring-data-release_release/maven-repository/org/springframework/spring-aspects/6.1.5/spring-aspects-6.1.5.jar:/opt/jenkins/data/workspace/spring-data-release_release/maven-repository/org/aspectj/aspectjweaver/1.9.21.1/aspectjweaver-1.9.21.1.jar:/opt/jenkins/data/workspace/spring-data-release_release/maven-repository/org/hibernate/orm/hibernate-core/6.4.4.Final/hibernate-core-6.4.4.Final.jar:/opt/jenkins/data/workspace/spring-data-release_release/maven-repository/jakarta/persistence/jakarta.persistence-api/3.1.0/jakarta.persistence-api-3.1.0.jar:/opt/jenkins/data/workspace/spring-data-release_release/maven-repository/jakarta/transaction/jakarta.transaction-api/2.0.1/jakarta.transaction-api-2.0.1.jar:/opt/jenkins/data/workspace/spring-data-release_release/maven-repository/org/hibernate/orm/hibernate-jpamodelgen/6.4.4.Final/hibernate-jpamodelgen-6.4.4.Final.jar:/opt/jenkins/data/workspace/spring-data-release_release/maven-repository/jakarta/validation/jakarta.validation-api/3.0.2/jakarta.validation-api-3.0.2.jar:/opt/jenkins/data/workspace/spring-data-release_release/maven-repository/net/bytebuddy/byte-buddy/1.14.11/byte-buddy-1.14.11.jar:/opt/jenkins/data/workspace/spring-data-release_release/maven-repository/jakarta/xml/bind/jakarta.xml.bind-api/3.0.1/jakarta.xml.bind-api-3.0.1.jar:/opt/jenkins/data/workspace/spring-data-release_release/maven-repository/com/sun/activation/jakarta.activation/2.0.1/jakarta.activation-2.0.1.jar:/opt/jenkins/data/workspace/spring-data-release_release/maven-repository/jakarta/annotation/jakarta.annotation-api/2.0.0/jakarta.annotation-api-2.0.0.jar:/opt/jenkins/data/workspace/spring-data-release_release/maven-repository/org/eclipse/persistence/org.eclipse.persistence.jpa/3.0.4/org.eclipse.persistence.jpa-3.0.4.jar:/opt/jenkins/data/workspace/spring-data-release_release/maven-repository/org/eclipse/persistence/org.eclipse.persistence.asm/9.6.0/org.eclipse.persistence.asm-9.6.0.jar:/opt/jenkins/data/workspace/spring-data-release_release/maven-repository/org/eclipse/persistence/org.eclipse.persistence.core/3.0.4/org.eclipse.persistence.core-3.0.4.jar:/opt/jenkins/data/workspace/spring-data-release_release/maven-repository/org/eclipse/persistence/org.eclipse.persistence.jpa.jpql/3.0.4/org.eclipse.persistence.jpa.jpql-3.0.4.jar:/opt/jenkins/data/workspace/spring-data-release_release/maven-repository/com/querydsl/querydsl-apt/5.0.0/querydsl-apt-5.0.0-jakarta.jar:/opt/jenkins/data/workspace/spring-data-release_release/maven-repository/com/querydsl/querydsl-codegen/5.0.0/querydsl-codegen-5.0.0.jar:/opt/jenkins/data/workspace/spring-data-release_release/maven-repository/com/querydsl/codegen-utils/5.0.0/codegen-utils-5.0.0.jar:/opt/jenkins/data/workspace/spring-data-release_release/maven-repository/org/eclipse/jdt/ecj/3.26.0/ecj-3.26.0.jar:/opt/jenkins/data/workspace/spring-data-release_release/maven-repository/javax/inject/javax.inject/1/javax.inject-1.jar:/opt/jenkins/data/workspace/spring-data-release_release/maven-repository/io/github/classgraph/classgraph/4.8.108/classgraph-4.8.108.jar:/opt/jenkins/data/workspace/spring-data-release_release/maven-repository/com/querydsl/querydsl-jpa/5.0.0/querydsl-jpa-5.0.0-jakarta.jar:/opt/jenkins/data/workspace/spring-data-release_release/maven-repository/com/querydsl/querydsl-core/5.0.0/querydsl-core-5.0.0.jar:/opt/jenkins/data/workspace/spring-data-release_release/maven-repository/com/mysema/commons/mysema-commons-lang/0.2.4/mysema-commons-lang-0.2.4.jar:/opt/jenkins/data/workspace/spring-data-release_release/maven-repository/jakarta/enterprise/jakarta.enterprise.cdi-api/4.0.1/jakarta.enterprise.cdi-api-4.0.1.jar:/opt/jenkins/data/workspace/spring-data-release_release/maven-repository/jakarta/enterprise/jakarta.enterprise.lang-model/4.0.1/jakarta.enterprise.lang-model-4.0.1.jar:/opt/jenkins/data/workspace/spring-data-release_release/maven-repository/jakarta/el/jakarta.el-api/5.0.0/jakarta.el-api-5.0.0.jar:/opt/jenkins/data/workspace/spring-data-release_release/maven-repository/jakarta/interceptor/jakarta.interceptor-api/2.1.0/jakarta.interceptor-api-2.1.0.jar:/opt/jenkins/data/workspace/spring-data-release_release/maven-repository/com/github/jsqlparser/jsqlparser/4.5/jsqlparser-4.5.jar:/opt/jenkins/data/workspace/spring-data-release_release/maven-repository/org/slf4j/slf4j-api/2.0.2/slf4j-api-2.0.2.jar:/opt/jenkins/data/workspace/spring-data-release_release/maven-repository/org/hsqldb/hsqldb/2.7.1/hsqldb-2.7.1.jar:/opt/jenkins/data/workspace/spring-data-release_release/maven-repository/com/h2database/h2/2.2.220/h2-2.2.220.jar:/opt/jenkins/data/workspace/spring-data-release_release/maven-repository/com/mysql/mysql-connector-j/8.0.33/mysql-connector-j-8.0.33.jar:/opt/jenkins/data/workspace/spring-data-release_release/maven-repository/org/testcontainers/mysql/1.19.7/mysql-1.19.7.jar:/opt/jenkins/data/workspace/spring-data-release_release/maven-repository/org/postgresql/postgresql/42.6.0/postgresql-42.6.0.jar:/opt/jenkins/data/workspace/spring-data-release_release/maven-repository/org/testcontainers/postgresql/1.19.7/postgresql-1.19.7.jar:/opt/jenkins/data/workspace/spring-data-release_release/maven-repository/io/vavr/vavr/0.10.3/vavr-0.10.3.jar:/opt/jenkins/data/workspace/spring-data-release_release/maven-repository/org/jmolecules/integrations/jmolecules-spring/0.17.0/jmolecules-spring-0.17.0.jar:/opt/jenkins/data/workspace/spring-data-release_release/maven-repository/org/apache/openwebbeans/openwebbeans-se/4.0.2/openwebbeans-se-4.0.2.jar:/opt/jenkins/data/workspace/spring-data-release_release/maven-repository/org/junit/jupiter/junit-jupiter/5.10.2/junit-jupiter-5.10.2.jar:/opt/jenkins/data/workspace/spring-data-release_release/maven-repository/org/junit/vintage/junit-vintage-engine/5.10.2/junit-vintage-engine-5.10.2.jar:/opt/jenkins/data/workspace/spring-data-release_release/maven-repository/org/mockito/mockito-core/5.5.0/mockito-core-5.5.0.jar:/opt/jenkins/data/workspace/spring-data-release_release/maven-repository/org/mockito/mockito-junit-jupiter/5.5.0/mockito-junit-jupiter-5.5.0.jar:/opt/jenkins/data/workspace/spring-data-release_release/maven-repository/org/assertj/assertj-core/3.24.2/assertj-core-3.24.2.jar:/opt/jenkins/data/workspace/spring-data-release_release/maven-repository/org/springframework/spring-test/6.1.5/spring-test-6.1.5.jar:/opt/jenkins/data/workspace/spring-data-release_release/maven-repository/ch/qos/logback/logback-classic/1.4.13/logback-classic-1.4.13.jar:/opt/jenkins/data/workspace/spring-data-release_release/dist/oss/spring-data-jpa/spring-data-jpa/target/classes
-proc:none
-aspectpath
/opt/jenkins/data/workspace/spring-data-release_release/maven-repository/org/springframework/spring-aspects/6.1.5/spring-aspects-6.1.5.jar
-xmlConfigured
/opt/jenkins/data/workspace/spring-data-release_release/dist/oss/spring-data-jpa/spring-data-jpa/aop.xml
-d
/opt/jenkins/data/workspace/spring-data-release_release/dist/oss/spring-data-jpa/spring-data-jpa/target/classes
-s
/opt/jenkins/data/workspace/spring-data-release_release/dist/oss/spring-data-jpa/spring-data-jpa/target/generated-sources/aspectj-maven-plugin
/opt/jenkins/data/workspace/spring-data-release_release/dist/oss/spring-data-jpa/spring-data-jpa/src/main/java/org/springframework/data/jpa/domain/JpaSort.java
/opt/jenkins/data/workspace/spring-data-release_release/dist/oss/spring-data-jpa/spring-data-jpa/src/main/java/org/springframework/data/jpa/domain/support/AuditingBeanFactoryPostProcessor.java
/opt/jenkins/data/workspace/spring-data-release_release/dist/oss/spring-data-jpa/spring-data-jpa/src/main/java/org/springframework/data/jpa/domain/support/AuditingEntityListener.java
/opt/jenkins/data/workspace/spring-data-release_release/dist/oss/spring-data-jpa/spring-data-jpa/src/main/java/org/springframework/data/jpa/domain/support/package-info.java
/opt/jenkins/data/workspace/spring-data-release_release/dist/oss/spring-data-jpa/spring-data-jpa/src/main/java/org/springframework/data/jpa/domain/Specification.java
/opt/jenkins/data/workspace/spring-data-release_release/dist/oss/spring-data-jpa/spring-data-jpa/src/main/java/org/springframework/data/jpa/domain/AbstractPersistable.java
/opt/jenkins/data/workspace/spring-data-release_release/dist/oss/spring-data-jpa/spring-data-jpa/src/main/java/org/springframework/data/jpa/domain/AbstractAuditable.java
/opt/jenkins/data/workspace/spring-data-release_release/dist/oss/spring-data-jpa/spring-data-jpa/src/main/java/org/springframework/data/jpa/domain/package-info.java
/opt/jenkins/data/workspace/spring-data-release_release/dist/oss/spring-data-jpa/spring-data-jpa/src/main/java/org/springframework/data/jpa/domain/SpecificationComposition.java
/opt/jenkins/data/workspace/spring-data-release_release/dist/oss/spring-data-jpa/spring-data-jpa/src/main/java/org/springframework/data/jpa/support/ClasspathScanningPersistenceUnitPostProcessor.java
/opt/jenkins/data/workspace/spring-data-release_release/dist/oss/spring-data-jpa/spring-data-jpa/src/main/java/org/springframework/data/jpa/support/MergingPersistenceUnitManager.java
/opt/jenkins/data/workspace/spring-data-release_release/dist/oss/spring-data-jpa/spring-data-jpa/src/main/java/org/springframework/data/jpa/support/PageableUtils.java
/opt/jenkins/data/workspace/spring-data-release_release/dist/oss/spring-data-jpa/spring-data-jpa/src/main/java/org/springframework/data/jpa/support/package-info.java
/opt/jenkins/data/workspace/spring-data-release_release/dist/oss/spring-data-jpa/spring-data-jpa/src/main/java/org/springframework/data/jpa/provider/JpaClassUtils.java
/opt/jenkins/data/workspace/spring-data-release_release/dist/oss/spring-data-jpa/spring-data-jpa/src/main/java/org/springframework/data/jpa/provider/QueryComment.java
/opt/jenkins/data/workspace/spring-data-release_release/dist/oss/spring-data-jpa/spring-data-jpa/src/main/java/org/springframework/data/jpa/provider/HibernateUtils.java
/opt/jenkins/data/workspace/spring-data-release_release/dist/oss/spring-data-jpa/spring-data-jpa/src/main/java/org/springframework/data/jpa/provider/ProxyIdAccessor.java
/opt/jenkins/data/workspace/spring-data-release_release/dist/oss/spring-data-jpa/spring-data-jpa/src/main/java/org/springframework/data/jpa/provider/QueryExtractor.java
/opt/jenkins/data/workspace/spring-data-release_release/dist/oss/spring-data-jpa/spring-data-jpa/src/main/java/org/springframework/data/jpa/provider/package-info.java
/opt/jenkins/data/workspace/spring-data-release_release/dist/oss/spring-data-jpa/spring-data-jpa/src/main/java/org/springframework/data/jpa/provider/PersistenceProvider.java
/opt/jenkins/data/workspace/spring-data-release_release/dist/oss/spring-data-jpa/spring-data-jpa/src/main/java/org/springframework/data/jpa/repository/EntityGraph.java
/opt/jenkins/data/workspace/spring-data-release_release/dist/oss/spring-data-jpa/spring-data-jpa/src/main/java/org/springframework/data/jpa/repository/config/AuditingBeanDefinitionParser.java
/opt/jenkins/data/workspace/spring-data-release_release/dist/oss/spring-data-jpa/spring-data-jpa/src/main/java/org/springframework/data/jpa/repository/config/BeanDefinitionNames.java
/opt/jenkins/data/workspace/spring-data-release_release/dist/oss/spring-data-jpa/spring-data-jpa/src/main/java/org/springframework/data/jpa/repository/config/EnableJpaRepositories.java
/opt/jenkins/data/workspace/spring-data-release_release/dist/oss/spring-data-jpa/spring-data-jpa/src/main/java/org/springframework/data/jpa/repository/config/JpaRepositoryNameSpaceHandler.java
/opt/jenkins/data/workspace/spring-data-release_release/dist/oss/spring-data-jpa/spring-data-jpa/src/main/java/org/springframework/data/jpa/repository/config/EnableJpaAuditing.java
/opt/jenkins/data/workspace/spring-data-release_release/dist/oss/spring-data-jpa/spring-data-jpa/src/main/java/org/springframework/data/jpa/repository/config/JpaAuditingRegistrar.java
/opt/jenkins/data/workspace/spring-data-release_release/dist/oss/spring-data-jpa/spring-data-jpa/src/main/java/org/springframework/data/jpa/repository/config/JpaMetamodelMappingContextFactoryBean.java
/opt/jenkins/data/workspace/spring-data-release_release/dist/oss/spring-data-jpa/spring-data-jpa/src/main/java/org/springframework/data/jpa/repository/config/JpaRepositoriesRegistrar.java
/opt/jenkins/data/workspace/spring-data-release_release/dist/oss/spring-data-jpa/spring-data-jpa/src/main/java/org/springframework/data/jpa/repository/config/JpaRepositoryConfigExtension.java
/opt/jenkins/data/workspace/spring-data-release_release/dist/oss/spring-data-jpa/spring-data-jpa/src/main/java/org/springframework/data/jpa/repository/config/package-info.java
/opt/jenkins/data/workspace/spring-data-release_release/dist/oss/spring-data-jpa/spring-data-jpa/src/main/java/org/springframework/data/jpa/repository/config/InspectionClassLoader.java
/opt/jenkins/data/workspace/spring-data-release_release/dist/oss/spring-data-jpa/spring-data-jpa/src/main/java/org/springframework/data/jpa/repository/JpaContext.java
/opt/jenkins/data/workspace/spring-data-release_release/dist/oss/spring-data-jpa/spring-data-jpa/src/main/java/org/springframework/data/jpa/repository/support/FetchableFluentQueryBySpecification.java
/opt/jenkins/data/workspace/spring-data-release_release/dist/oss/spring-data-jpa/spring-data-jpa/src/main/java/org/springframework/data/jpa/repository/support/QuerydslJpaRepository.java
/opt/jenkins/data/workspace/spring-data-release_release/dist/oss/spring-data-jpa/spring-data-jpa/src/main/java/org/springframework/data/jpa/repository/support/CrudMethodMetadata.java
/opt/jenkins/data/workspace/spring-data-release_release/dist/oss/spring-data-jpa/spring-data-jpa/src/main/java/org/springframework/data/jpa/repository/support/QueryHintValue.java
/opt/jenkins/data/workspace/spring-data-release_release/dist/oss/spring-data-jpa/spring-data-jpa/src/main/java/org/springframework/data/jpa/repository/support/QuerydslRepositorySupport.java
/opt/jenkins/data/workspace/spring-data-release_release/dist/oss/spring-data-jpa/spring-data-jpa/src/main/java/org/springframework/data/jpa/repository/support/EntityManagerBeanDefinitionRegistrarPostProcessor.java
/opt/jenkins/data/workspace/spring-data-release_release/dist/oss/spring-data-jpa/spring-data-jpa/src/main/java/org/springframework/data/jpa/repository/support/JpaEntityInformation.java
/opt/jenkins/data/workspace/spring-data-release_release/dist/oss/spring-data-jpa/spring-data-jpa/src/main/java/org/springframework/data/jpa/repository/support/EntityGraphFactory.java
/opt/jenkins/data/workspace/spring-data-release_release/dist/oss/spring-data-jpa/spring-data-jpa/src/main/java/org/springframework/data/jpa/repository/support/JpaRepositoryImplementation.java
/opt/jenkins/data/workspace/spring-data-release_release/dist/oss/spring-data-jpa/spring-data-jpa/src/main/java/org/springframework/data/jpa/repository/support/Querydsl.java
/opt/jenkins/data/workspace/spring-data-release_release/dist/oss/spring-data-jpa/spring-data-jpa/src/main/java/org/springframework/data/jpa/repository/support/JpaEvaluationContextExtension.java
/opt/jenkins/data/workspace/spring-data-release_release/dist/oss/spring-data-jpa/spring-data-jpa/src/main/java/org/springframework/data/jpa/repository/support/JpaMetamodelEntityInformation.java
/opt/jenkins/data/workspace/spring-data-release_release/dist/oss/spring-data-jpa/spring-data-jpa/src/main/java/org/springframework/data/jpa/repository/support/SimpleJpaRepository.java
/opt/jenkins/data/workspace/spring-data-release_release/dist/oss/spring-data-jpa/spring-data-jpa/src/main/java/org/springframework/data/jpa/repository/support/DefaultJpaContext.java
/opt/jenkins/data/workspace/spring-data-release_release/dist/oss/spring-data-jpa/spring-data-jpa/src/main/java/org/springframework/data/jpa/repository/support/CrudMethodMetadataPostProcessor.java
/opt/jenkins/data/workspace/spring-data-release_release/dist/oss/spring-data-jpa/spring-data-jpa/src/main/java/org/springframework/data/jpa/repository/support/JpaRepositoryFactory.java
/opt/jenkins/data/workspace/spring-data-release_release/dist/oss/spring-data-jpa/spring-data-jpa/src/main/java/org/springframework/data/jpa/repository/support/FetchableFluentQueryByPredicate.java
/opt/jenkins/data/workspace/spring-data-release_release/dist/oss/spring-data-jpa/spring-data-jpa/src/main/java/org/springframework/data/jpa/repository/support/JpaPersistableEntityInformation.java
/opt/jenkins/data/workspace/spring-data-release_release/dist/oss/spring-data-jpa/spring-data-jpa/src/main/java/org/springframework/data/jpa/repository/support/JpaEntityInformationSupport.java
/opt/jenkins/data/workspace/spring-data-release_release/dist/oss/spring-data-jpa/spring-data-jpa/src/main/java/org/springframework/data/jpa/repository/support/JpaRepositoryFactoryBean.java
/opt/jenkins/data/workspace/spring-data-release_release/dist/oss/spring-data-jpa/spring-data-jpa/src/main/java/org/springframework/data/jpa/repository/support/MutableQueryHints.java
/opt/jenkins/data/workspace/spring-data-release_release/dist/oss/spring-data-jpa/spring-data-jpa/src/main/java/org/springframework/data/jpa/repository/support/package-info.java
/opt/jenkins/data/workspace/spring-data-release_release/dist/oss/spring-data-jpa/spring-data-jpa/src/main/java/org/springframework/data/jpa/repository/support/QuerydslJpaPredicateExecutor.java
/opt/jenkins/data/workspace/spring-data-release_release/dist/oss/spring-data-jpa/spring-data-jpa/src/main/java/org/springframework/data/jpa/repository/support/FluentQuerySupport.java
/opt/jenkins/data/workspace/spring-data-release_release/dist/oss/spring-data-jpa/spring-data-jpa/src/main/java/org/springframework/data/jpa/repository/support/QueryHints.java
/opt/jenkins/data/workspace/spring-data-release_release/dist/oss/spring-data-jpa/spring-data-jpa/src/main/java/org/springframework/data/jpa/repository/support/DefaultQueryHints.java
/opt/jenkins/data/workspace/spring-data-release_release/dist/oss/spring-data-jpa/spring-data-jpa/src/main/java/org/springframework/data/jpa/repository/Query.java
/opt/jenkins/data/workspace/spring-data-release_release/dist/oss/spring-data-jpa/spring-data-jpa/src/main/java/org/springframework/data/jpa/repository/JpaSpecificationExecutor.java
/opt/jenkins/data/workspace/spring-data-release_release/dist/oss/spring-data-jpa/spring-data-jpa/src/main/java/org/springframework/data/jpa/repository/Modifying.java
/opt/jenkins/data/workspace/spring-data-release_release/dist/oss/spring-data-jpa/spring-data-jpa/src/main/java/org/springframework/data/jpa/repository/JpaRepository.java
/opt/jenkins/data/workspace/spring-data-release_release/dist/oss/spring-data-jpa/spring-data-jpa/src/main/java/org/springframework/data/jpa/repository/cdi/JpaRepositoryExtension.java
/opt/jenkins/data/workspace/spring-data-release_release/dist/oss/spring-data-jpa/spring-data-jpa/src/main/java/org/springframework/data/jpa/repository/cdi/JpaRepositoryBean.java
/opt/jenkins/data/workspace/spring-data-release_release/dist/oss/spring-data-jpa/spring-data-jpa/src/main/java/org/springframework/data/jpa/repository/cdi/BeanManagerQueryRewriterProvider.java
/opt/jenkins/data/workspace/spring-data-release_release/dist/oss/spring-data-jpa/spring-data-jpa/src/main/java/org/springframework/data/jpa/repository/cdi/package-info.java
/opt/jenkins/data/workspace/spring-data-release_release/dist/oss/spring-data-jpa/spring-data-jpa/src/main/java/org/springframework/data/jpa/repository/QueryRewriter.java
/opt/jenkins/data/workspace/spring-data-release_release/dist/oss/spring-data-jpa/spring-data-jpa/src/main/java/org/springframework/data/jpa/repository/Meta.java
/opt/jenkins/data/workspace/spring-data-release_release/dist/oss/spring-data-jpa/spring-data-jpa/src/main/java/org/springframework/data/jpa/repository/Lock.java
/opt/jenkins/data/workspace/spring-data-release_release/dist/oss/spring-data-jpa/spring-data-jpa/src/main/java/org/springframework/data/jpa/repository/Temporal.java
/opt/jenkins/data/workspace/spring-data-release_release/dist/oss/spring-data-jpa/spring-data-jpa/src/main/java/org/springframework/data/jpa/repository/aot/JpaRuntimeHints.java
/opt/jenkins/data/workspace/spring-data-release_release/dist/oss/spring-data-jpa/spring-data-jpa/src/main/java/org/springframework/data/jpa/repository/package-info.java
/opt/jenkins/data/workspace/spring-data-release_release/dist/oss/spring-data-jpa/spring-data-jpa/src/main/java/org/springframework/data/jpa/repository/QueryHints.java
/opt/jenkins/data/workspace/spring-data-release_release/dist/oss/spring-data-jpa/spring-data-jpa/src/main/java/org/springframework/data/jpa/repository/query/DelegatingQueryRewriter.java
/opt/jenkins/data/workspace/spring-data-release_release/dist/oss/spring-data-jpa/spring-data-jpa/src/main/java/org/springframework/data/jpa/repository/query/JpaParameters.java
/opt/jenkins/data/workspace/spring-data-release_release/dist/oss/spring-data-jpa/spring-data-jpa/src/main/java/org/springframework/data/jpa/repository/query/JpaQueryTransformerSupport.java
/opt/jenkins/data/workspace/spring-data-release_release/dist/oss/spring-data-jpa/spring-data-jpa/src/main/java/org/springframework/data/jpa/repository/query/KeysetScrollDelegate.java
/opt/jenkins/data/workspace/spring-data-release_release/dist/oss/spring-data-jpa/spring-data-jpa/src/main/java/org/springframework/data/jpa/repository/query/PartTreeJpaQuery.java
/opt/jenkins/data/workspace/spring-data-release_release/dist/oss/spring-data-jpa/spring-data-jpa/src/main/java/org/springframework/data/jpa/repository/query/QueryEnhancer.java
/opt/jenkins/data/workspace/spring-data-release_release/dist/oss/spring-data-jpa/spring-data-jpa/src/main/java/org/springframework/data/jpa/repository/query/DefaultJpaEntityMetadata.java
/opt/jenkins/data/workspace/spring-data-release_release/dist/oss/spring-data-jpa/spring-data-jpa/src/main/java/org/springframework/data/jpa/repository/query/EmptyDeclaredQuery.java
/opt/jenkins/data/workspace/spring-data-release_release/dist/oss/spring-data-jpa/spring-data-jpa/src/main/java/org/springframework/data/jpa/repository/query/CollectionUtils.java
/opt/jenkins/data/workspace/spring-data-release_release/dist/oss/spring-data-jpa/spring-data-jpa/src/main/java/org/springframework/data/jpa/repository/query/JpaQueryMethodFactory.java
/opt/jenkins/data/workspace/spring-data-release_release/dist/oss/spring-data-jpa/spring-data-jpa/src/main/java/org/springframework/data/jpa/repository/query/JSqlParserUtils.java
/opt/jenkins/data/workspace/spring-data-release_release/dist/oss/spring-data-jpa/spring-data-jpa/src/main/java/org/springframework/data/jpa/repository/query/StoredProcedureAttributes.java
/opt/jenkins/data/workspace/spring-data-release_release/dist/oss/spring-data-jpa/spring-data-jpa/src/main/java/org/springframework/data/jpa/repository/query/QueryRewriterProvider.java
/opt/jenkins/data/workspace/spring-data-release_release/dist/oss/spring-data-jpa/spring-data-jpa/src/main/java/org/springframework/data/jpa/repository/query/QueryEnhancerFactory.java
/opt/jenkins/data/workspace/spring-data-release_release/dist/oss/spring-data-jpa/spring-data-jpa/src/main/java/org/springframework/data/jpa/repository/query/JpaQueryLookupStrategy.java
/opt/jenkins/data/workspace/spring-data-release_release/dist/oss/spring-data-jpa/spring-data-jpa/src/main/java/org/springframework/data/jpa/repository/query/EqlQueryParser.java
/opt/jenkins/data/workspace/spring-data-release_release/dist/oss/spring-data-jpa/spring-data-jpa/src/main/java/org/springframework/data/jpa/repository/query/JpaQueryParsingToken.java
/opt/jenkins/data/workspace/spring-data-release_release/dist/oss/spring-data-jpa/spring-data-jpa/src/main/java/org/springframework/data/jpa/repository/query/HqlQueryRenderer.java
/opt/jenkins/data/workspace/spring-data-release_release/dist/oss/spring-data-jpa/spring-data-jpa/src/main/java/org/springframework/data/jpa/repository/query/StoredProcedureJpaQuery.java
/opt/jenkins/data/workspace/spring-data-release_release/dist/oss/spring-data-jpa/spring-data-jpa/src/main/java/org/springframework/data/jpa/repository/query/QueryParameterSetterFactory.java
/opt/jenkins/data/workspace/spring-data-release_release/dist/oss/spring-data-jpa/spring-data-jpa/src/main/java/org/springframework/data/jpa/repository/query/HqlQueryParser.java
/opt/jenkins/data/workspace/spring-data-release_release/dist/oss/spring-data-jpa/spring-data-jpa/src/main/java/org/springframework/data/jpa/repository/query/InvalidJpaQueryMethodException.java
/opt/jenkins/data/workspace/spring-data-release_release/dist/oss/spring-data-jpa/spring-data-jpa/src/main/java/org/springframework/data/jpa/repository/query/ParameterMetadataProvider.java
/opt/jenkins/data/workspace/spring-data-release_release/dist/oss/spring-data-jpa/spring-data-jpa/src/main/java/org/springframework/data/jpa/repository/query/JpaQueryCreator.java
/opt/jenkins/data/workspace/spring-data-release_release/dist/oss/spring-data-jpa/spring-data-jpa/src/main/java/org/springframework/data/jpa/repository/query/ParameterBinding.java
/opt/jenkins/data/workspace/spring-data-release_release/dist/oss/spring-data-jpa/spring-data-jpa/src/main/java/org/springframework/data/jpa/repository/query/EqlQueryTransformer.java
/opt/jenkins/data/workspace/spring-data-release_release/dist/oss/spring-data-jpa/spring-data-jpa/src/main/java/org/springframework/data/jpa/repository/query/JpaQueryParserSupport.java
/opt/jenkins/data/workspace/spring-data-release_release/dist/oss/spring-data-jpa/spring-data-jpa/src/main/java/org/springframework/data/jpa/repository/query/NamedQuery.java
/opt/jenkins/data/workspace/spring-data-release_release/dist/oss/spring-data-jpa/spring-data-jpa/src/main/java/org/springframework/data/jpa/repository/query/Meta.java
/opt/jenkins/data/workspace/spring-data-release_release/dist/oss/spring-data-jpa/spring-data-jpa/src/main/java/org/springframework/data/jpa/repository/query/QueryParameterSetter.java
/opt/jenkins/data/workspace/spring-data-release_release/dist/oss/spring-data-jpa/spring-data-jpa/src/main/java/org/springframework/data/jpa/repository/query/JpaResultConverters.java
/opt/jenkins/data/workspace/spring-data-release_release/dist/oss/spring-data-jpa/spring-data-jpa/src/main/java/org/springframework/data/jpa/repository/query/Procedure.java
/opt/jenkins/data/workspace/spring-data-release_release/dist/oss/spring-data-jpa/spring-data-jpa/src/main/java/org/springframework/data/jpa/repository/query/BadJpqlGrammarErrorListener.java
/opt/jenkins/data/workspace/spring-data-release_release/dist/oss/spring-data-jpa/spring-data-jpa/src/main/java/org/springframework/data/jpa/repository/query/EscapeCharacter.java
/opt/jenkins/data/workspace/spring-data-release_release/dist/oss/spring-data-jpa/spring-data-jpa/src/main/java/org/springframework/data/jpa/repository/query/JpaQueryEnhancer.java
/opt/jenkins/data/workspace/spring-data-release_release/dist/oss/spring-data-jpa/spring-data-jpa/src/main/java/org/springframework/data/jpa/repository/query/JpaEntityMetadata.java
/opt/jenkins/data/workspace/spring-data-release_release/dist/oss/spring-data-jpa/spring-data-jpa/src/main/java/org/springframework/data/jpa/repository/query/QueryUtils.java
/opt/jenkins/data/workspace/spring-data-release_release/dist/oss/spring-data-jpa/spring-data-jpa/src/main/java/org/springframework/data/jpa/repository/query/StoredProcedureAttributeSource.java
/opt/jenkins/data/workspace/spring-data-release_release/dist/oss/spring-data-jpa/spring-data-jpa/src/main/java/org/springframework/data/jpa/repository/query/HqlQueryTransformer.java
/opt/jenkins/data/workspace/spring-data-release_release/dist/oss/spring-data-jpa/spring-data-jpa/src/main/java/org/springframework/data/jpa/repository/query/JpqlQueryTransformer.java
/opt/jenkins/data/workspace/spring-data-release_release/dist/oss/spring-data-jpa/spring-data-jpa/src/main/java/org/springframework/data/jpa/repository/query/NativeJpaQuery.java
/opt/jenkins/data/workspace/spring-data-release_release/dist/oss/spring-data-jpa/spring-data-jpa/src/main/java/org/springframework/data/jpa/repository/query/JpaQueryExecution.java
/opt/jenkins/data/workspace/spring-data-release_release/dist/oss/spring-data-jpa/spring-data-jpa/src/main/java/org/springframework/data/jpa/repository/query/ScrollDelegate.java
/opt/jenkins/data/workspace/spring-data-release_release/dist/oss/spring-data-jpa/spring-data-jpa/src/main/java/org/springframework/data/jpa/repository/query/JpaEntityGraph.java
/opt/jenkins/data/workspace/spring-data-release_release/dist/oss/spring-data-jpa/spring-data-jpa/src/main/java/org/springframework/data/jpa/repository/query/JSqlParserQueryEnhancer.java
/opt/jenkins/data/workspace/spring-data-release_release/dist/oss/spring-data-jpa/spring-data-jpa/src/main/java/org/springframework/data/jpa/repository/query/AbstractStringBasedJpaQuery.java
/opt/jenkins/data/workspace/spring-data-release_release/dist/oss/spring-data-jpa/spring-data-jpa/src/main/java/org/springframework/data/jpa/repository/query/SimpleJpaQuery.java
/opt/jenkins/data/workspace/spring-data-release_release/dist/oss/spring-data-jpa/spring-data-jpa/src/main/java/org/springframework/data/jpa/repository/query/KeysetScrollSpecification.java
/opt/jenkins/data/workspace/spring-data-release_release/dist/oss/spring-data-jpa/spring-data-jpa/src/main/java/org/springframework/data/jpa/repository/query/HibernateJpaParametersParameterAccessor.java
/opt/jenkins/data/workspace/spring-data-release_release/dist/oss/spring-data-jpa/spring-data-jpa/src/main/java/org/springframework/data/jpa/repository/query/BeanFactoryQueryRewriterProvider.java
/opt/jenkins/data/workspace/spring-data-release_release/dist/oss/spring-data-jpa/spring-data-jpa/src/main/java/org/springframework/data/jpa/repository/query/JpqlQueryRenderer.java
/opt/jenkins/data/workspace/spring-data-release_release/dist/oss/spring-data-jpa/spring-data-jpa/src/main/java/org/springframework/data/jpa/repository/query/DefaultQueryEnhancer.java
/opt/jenkins/data/workspace/spring-data-release_release/dist/oss/spring-data-jpa/spring-data-jpa/src/main/java/org/springframework/data/jpa/repository/query/JpaKeysetScrollQueryCreator.java
/opt/jenkins/data/workspace/spring-data-release_release/dist/oss/spring-data-jpa/spring-data-jpa/src/main/java/org/springframework/data/jpa/repository/query/JpaCountQueryCreator.java
/opt/jenkins/data/workspace/spring-data-release_release/dist/oss/spring-data-jpa/spring-data-jpa/src/main/java/org/springframework/data/jpa/repository/query/JpaParametersParameterAccessor.java
/opt/jenkins/data/workspace/spring-data-release_release/dist/oss/spring-data-jpa/spring-data-jpa/src/main/java/org/springframework/data/jpa/repository/query/JpaQueryFactory.java
/opt/jenkins/data/workspace/spring-data-release_release/dist/oss/spring-data-jpa/spring-data-jpa/src/main/java/org/springframework/data/jpa/repository/query/DeclaredQuery.java
/opt/jenkins/data/workspace/spring-data-release_release/dist/oss/spring-data-jpa/spring-data-jpa/src/main/java/org/springframework/data/jpa/repository/query/ProcedureParameter.java
/opt/jenkins/data/workspace/spring-data-release_release/dist/oss/spring-data-jpa/spring-data-jpa/src/main/java/org/springframework/data/jpa/repository/query/package-info.java
/opt/jenkins/data/workspace/spring-data-release_release/dist/oss/spring-data-jpa/spring-data-jpa/src/main/java/org/springframework/data/jpa/repository/query/Jpa21Utils.java
/opt/jenkins/data/workspace/spring-data-release_release/dist/oss/spring-data-jpa/spring-data-jpa/src/main/java/org/springframework/data/jpa/repository/query/BadJpqlGrammarException.java
/opt/jenkins/data/workspace/spring-data-release_release/dist/oss/spring-data-jpa/spring-data-jpa/src/main/java/org/springframework/data/jpa/repository/query/JpaQueryMethod.java
/opt/jenkins/data/workspace/spring-data-release_release/dist/oss/spring-data-jpa/spring-data-jpa/src/main/java/org/springframework/data/jpa/repository/query/ExpressionBasedStringQuery.java
/opt/jenkins/data/workspace/spring-data-release_release/dist/oss/spring-data-jpa/spring-data-jpa/src/main/java/org/springframework/data/jpa/repository/query/EqlQueryRenderer.java
/opt/jenkins/data/workspace/spring-data-release_release/dist/oss/spring-data-jpa/spring-data-jpa/src/main/java/org/springframework/data/jpa/repository/query/JpqlQueryParser.java
/opt/jenkins/data/workspace/spring-data-release_release/dist/oss/spring-data-jpa/spring-data-jpa/src/main/java/org/springframework/data/jpa/repository/query/DefaultJpaQueryMethodFactory.java
/opt/jenkins/data/workspace/spring-data-release_release/dist/oss/spring-data-jpa/spring-data-jpa/src/main/java/org/springframework/data/jpa/repository/query/AbstractJpaQuery.java
/opt/jenkins/data/workspace/spring-data-release_release/dist/oss/spring-data-jpa/spring-data-jpa/src/main/java/org/springframework/data/jpa/repository/query/ParameterBinderFactory.java
/opt/jenkins/data/workspace/spring-data-release_release/dist/oss/spring-data-jpa/spring-data-jpa/src/main/java/org/springframework/data/jpa/repository/query/ParameterBinder.java
/opt/jenkins/data/workspace/spring-data-release_release/dist/oss/spring-data-jpa/spring-data-jpa/src/main/java/org/springframework/data/jpa/repository/query/StringQuery.java
/opt/jenkins/data/workspace/spring-data-release_release/dist/oss/spring-data-jpa/spring-data-jpa/src/main/java/org/springframework/data/jpa/mapping/JpaPersistentProperty.java
/opt/jenkins/data/workspace/spring-data-release_release/dist/oss/spring-data-jpa/spring-data-jpa/src/main/java/org/springframework/data/jpa/mapping/JpaPersistentEntity.java
/opt/jenkins/data/workspace/spring-data-release_release/dist/oss/spring-data-jpa/spring-data-jpa/src/main/java/org/springframework/data/jpa/mapping/JpaPersistentPropertyImpl.java
/opt/jenkins/data/workspace/spring-data-release_release/dist/oss/spring-data-jpa/spring-data-jpa/src/main/java/org/springframework/data/jpa/mapping/package-info.java
/opt/jenkins/data/workspace/spring-data-release_release/dist/oss/spring-data-jpa/spring-data-jpa/src/main/java/org/springframework/data/jpa/mapping/JpaPersistentEntityImpl.java
/opt/jenkins/data/workspace/spring-data-release_release/dist/oss/spring-data-jpa/spring-data-jpa/src/main/java/org/springframework/data/jpa/mapping/JpaMetamodelMappingContext.java
/opt/jenkins/data/workspace/spring-data-release_release/dist/oss/spring-data-jpa/spring-data-jpa/src/main/java/org/springframework/data/jpa/convert/threeten/Jsr310JpaConverters.java
/opt/jenkins/data/workspace/spring-data-release_release/dist/oss/spring-data-jpa/spring-data-jpa/src/main/java/org/springframework/data/jpa/convert/threeten/package-info.java
/opt/jenkins/data/workspace/spring-data-release_release/dist/oss/spring-data-jpa/spring-data-jpa/src/main/java/org/springframework/data/jpa/convert/package-info.java
/opt/jenkins/data/workspace/spring-data-release_release/dist/oss/spring-data-jpa/spring-data-jpa/src/main/java/org/springframework/data/jpa/convert/QueryByExamplePredicateBuilder.java
/opt/jenkins/data/workspace/spring-data-release_release/dist/oss/spring-data-jpa/spring-data-jpa/src/main/java/org/springframework/data/jpa/util/JpaMetamodelCacheCleanup.java
/opt/jenkins/data/workspace/spring-data-release_release/dist/oss/spring-data-jpa/spring-data-jpa/src/main/java/org/springframework/data/jpa/util/HibernateProxyDetector.java
/opt/jenkins/data/workspace/spring-data-release_release/dist/oss/spring-data-jpa/spring-data-jpa/src/main/java/org/springframework/data/jpa/util/BeanDefinitionUtils.java
/opt/jenkins/data/workspace/spring-data-release_release/dist/oss/spring-data-jpa/spring-data-jpa/src/main/java/org/springframework/data/jpa/util/JpaMetamodel.java
/opt/jenkins/data/workspace/spring-data-release_release/dist/oss/spring-data-jpa/spring-data-jpa/src/main/java/org/springframework/data/jpa/util/package-info.java
/opt/jenkins/data/workspace/spring-data-release_release/dist/oss/spring-data-jpa/spring-data-jpa/src/main/java/org/springframework/data/jpa/projection/CollectionAwareProjectionFactory.java
/opt/jenkins/data/workspace/spring-data-release_release/dist/oss/spring-data-jpa/spring-data-jpa/target/generated-sources/antlr4/org/springframework/data/jpa/repository/query/JpqlBaseListener.java
/opt/jenkins/data/workspace/spring-data-release_release/dist/oss/spring-data-jpa/spring-data-jpa/target/generated-sources/antlr4/org/springframework/data/jpa/repository/query/JpqlParser.java
/opt/jenkins/data/workspace/spring-data-release_release/dist/oss/spring-data-jpa/spring-data-jpa/target/generated-sources/antlr4/org/springframework/data/jpa/repository/query/HqlBaseListener.java
/opt/jenkins/data/workspace/spring-data-release_release/dist/oss/spring-data-jpa/spring-data-jpa/target/generated-sources/antlr4/org/springframework/data/jpa/repository/query/HqlListener.java
/opt/jenkins/data/workspace/spring-data-release_release/dist/oss/spring-data-jpa/spring-data-jpa/target/generated-sources/antlr4/org/springframework/data/jpa/repository/query/EqlBaseVisitor.java
/opt/jenkins/data/workspace/spring-data-release_release/dist/oss/spring-data-jpa/spring-data-jpa/target/generated-sources/antlr4/org/springframework/data/jpa/repository/query/EqlBaseListener.java
/opt/jenkins/data/workspace/spring-data-release_release/dist/oss/spring-data-jpa/spring-data-jpa/target/generated-sources/antlr4/org/springframework/data/jpa/repository/query/HqlBaseVisitor.java
/opt/jenkins/data/workspace/spring-data-release_release/dist/oss/spring-data-jpa/spring-data-jpa/target/generated-sources/antlr4/org/springframework/data/jpa/repository/query/HqlLexer.java
/opt/jenkins/data/workspace/spring-data-release_release/dist/oss/spring-data-jpa/spring-data-jpa/target/generated-sources/antlr4/org/springframework/data/jpa/repository/query/HqlVisitor.java
/opt/jenkins/data/workspace/spring-data-release_release/dist/oss/spring-data-jpa/spring-data-jpa/target/generated-sources/antlr4/org/springframework/data/jpa/repository/query/JpqlListener.java
/opt/jenkins/data/workspace/spring-data-release_release/dist/oss/spring-data-jpa/spring-data-jpa/target/generated-sources/antlr4/org/springframework/data/jpa/repository/query/JpqlBaseVisitor.java
/opt/jenkins/data/workspace/spring-data-release_release/dist/oss/spring-data-jpa/spring-data-jpa/target/generated-sources/antlr4/org/springframework/data/jpa/repository/query/JpqlVisitor.java
/opt/jenkins/data/workspace/spring-data-release_release/dist/oss/spring-data-jpa/spring-data-jpa/target/generated-sources/antlr4/org/springframework/data/jpa/repository/query/HqlParser.java
/opt/jenkins/data/workspace/spring-data-release_release/dist/oss/spring-data-jpa/spring-data-jpa/target/generated-sources/antlr4/org/springframework/data/jpa/repository/query/EqlVisitor.java
/opt/jenkins/data/workspace/spring-data-release_release/dist/oss/spring-data-jpa/spring-data-jpa/target/generated-sources/antlr4/org/springframework/data/jpa/repository/query/EqlLexer.java
/opt/jenkins/data/workspace/spring-data-release_release/dist/oss/spring-data-jpa/spring-data-jpa/target/generated-sources/antlr4/org/springframework/data/jpa/repository/query/JpqlLexer.java
/opt/jenkins/data/workspace/spring-data-release_release/dist/oss/spring-data-jpa/spring-data-jpa/target/generated-sources/antlr4/org/springframework/data/jpa/repository/query/EqlParser.java
/opt/jenkins/data/workspace/spring-data-release_release/dist/oss/spring-data-jpa/spring-data-jpa/target/generated-sources/antlr4/org/springframework/data/jpa/repository/query/EqlListener.java
/opt/jenkins/data/workspace/spring-data-release_release/dist/oss/spring-data-jpa/spring-data-jpa/target/generated-sources/annotations/org/springframework/data/jpa/domain/AbstractAuditable_.java
/opt/jenkins/data/workspace/spring-data-release_release/dist/oss/spring-data-jpa/spring-data-jpa/target/generated-sources/annotations/org/springframework/data/jpa/domain/QAbstractAuditable.java
/opt/jenkins/data/workspace/spring-data-release_release/dist/oss/spring-data-jpa/spring-data-jpa/target/generated-sources/annotations/org/springframework/data/jpa/domain/AbstractPersistable_.java
/opt/jenkins/data/workspace/spring-data-release_release/dist/oss/spring-data-jpa/spring-data-jpa/target/generated-sources/annotations/org/springframework/data/jpa/domain/QAbstractPersistable.java
